<?xml version="1.0" encoding="UTF-8"?>
<!-- Generated by org.testng.reporters.JUnitXMLReporter -->
<testsuite ignored="0" hostname="ZCHD-CQR-UTKARSH-SHWETAM" failures="1" tests="7" name="Demo Api Tests" time="7.492" errors="0" timestamp="27 May 2022 09:11:30 GMT">
  <testcase classname="Apitesting.sampleproject.TestCases" name="testCreateUser" time="2.481"/>
  <testcase classname="Apitesting.sampleproject.TestCases" name="testFetchUser" time="0.592"/>
  <testcase classname="Apitesting.sampleproject.TestCases" name="testGetListResourceUser" time="0.655"/>
  <testcase classname="Apitesting.sampleproject.TestCases" name="testGetListSingleUser" time="0.591"/>
  <testcase classname="Apitesting.sampleproject.TestCases" name="testLoginUser" time="0.593"/>
  <testcase classname="Apitesting.sampleproject.TestCases" name="testLoginUserUnsuccessfull" time="0.615">
    <failure type="java.lang.AssertionError" message="1 expectation failed.
JSON path error doesn&amp;apos;t match.
Expected: jhgj password
  Actual: Missing password
">
      <![CDATA[java.lang.AssertionError: 1 expectation failed.
JSON path error doesn't match.
Expected: jhgj password
  Actual: Missing password

at org.codehaus.groovy.runtime.callsite.ConstructorSite$ConstructorSiteNoUnwrapNoCoerce.callConstructor(ConstructorSite.java:105)
at org.codehaus.groovy.runtime.callsite.CallSiteArray.defaultCallConstructor(CallSiteArray.java:59)
at org.codehaus.groovy.runtime.callsite.AbstractCallSite.callConstructor(AbstractCallSite.java:263)
at org.codehaus.groovy.runtime.callsite.AbstractCallSite.callConstructor(AbstractCallSite.java:277)
at io.restassured.internal.ResponseSpecificationImpl$HamcrestAssertionClosure.validate(ResponseSpecificationImpl.groovy:493)
at io.restassured.internal.ResponseSpecificationImpl$HamcrestAssertionClosure$validate$1.call(Unknown Source)
at io.restassured.internal.ResponseSpecificationImpl.validateResponseIfRequired(ResponseSpecificationImpl.groovy:674)
at org.codehaus.groovy.runtime.callsite.PlainObjectMetaMethodSite.doInvoke(PlainObjectMetaMethodSite.java:43)
at org.codehaus.groovy.runtime.callsite.PogoMetaMethodSite$PogoCachedMethodSiteNoUnwrapNoCoerce.invoke(PogoMetaMethodSite.java:193)
at org.codehaus.groovy.runtime.callsite.PogoMetaMethodSite.callCurrent(PogoMetaMethodSite.java:61)
at org.codehaus.groovy.runtime.callsite.AbstractCallSite.callCurrent(AbstractCallSite.java:185)
at io.restassured.internal.ResponseSpecificationImpl.body(ResponseSpecificationImpl.groovy:261)
at io.restassured.specification.ResponseSpecification$body$1.callCurrent(Unknown Source)
at io.restassured.internal.ResponseSpecificationImpl.body(ResponseSpecificationImpl.groovy:108)
at io.restassured.internal.ValidatableResponseOptionsImpl.body(ValidatableResponseOptionsImpl.java:244)
at io.restassured.internal.ValidatableResponseImpl.super$2$body(ValidatableResponseImpl.groovy)
at groovy.lang.MetaMethod.doMethodInvoke(MetaMethod.java:323)
at groovy.lang.MetaClassImpl.invokeMethod(MetaClassImpl.java:1268)
at org.codehaus.groovy.runtime.ScriptBytecodeAdapter.invokeMethodOnSuperN(ScriptBytecodeAdapter.java:144)
at io.restassured.internal.ValidatableResponseImpl.body(ValidatableResponseImpl.groovy:298)
at io.restassured.internal.ValidatableResponseImpl.body(ValidatableResponseImpl.groovy)
at Apitesting.sampleproject.TestCases.testLoginUserUnsuccessfull(TestCases.java:120)
... Removed 40 stack frames]]>
    </failure>
  </testcase> <!-- testLoginUserUnsuccessfull -->
  <testcase classname="Apitesting.sampleproject.TestCases" name="testRegisterUser" time="0.594"/>
</testsuite> <!-- Demo Api Tests -->
